        -:    0:Source:randomtestcard1.c
        -:    0:Graph:randomtestcard1.gcno
        -:    0:Data:randomtestcard1.gcda
        -:    0:Runs:5
        -:    0:Programs:1
        -:    0:Source is newer than graph
        -:    1:
        -:    2:/*
        -:    3: *  * 	Random testing for assignment 4.  
        -:    4: *   * 		This is a card test for the buycard() from previous unit test in assignment 3
        -:    5: *    * 		*/
        -:    6:
        -:    7:
        -:    8:#include "dominion.h"
        -:    9:#include "dominion_helpers.h"
        -:   10:#include <stdio.h>
        -:   11:#include <stdlib.h>
        -:   12:#include <string.h> 
        -:   13:#include <assert.h>
        -:   14:#include "rngs.h"
        -:   15:
        -:   16:
function main called 5 returned 100% blocks executed 82%
        5:   17:int main ()	
        -:   18:{
        -:   19:	struct gameState gs;
        5:   20:	int failFlag = 0, passedCounter = 0, passedSum;	//for flagging the fails
        -:   21:	int testResult, seed, counter; 
        -:   22:
        -:   23:
        5:   24:	printf("Now Testing the buyCard() function:\n");
call    0 returned 100%
        -:   25:
        5:   26:	printf("\n");
call    0 returned 100%
        -:   27:
     5005:   28:	for (int i = 0; i < 1000; i++)
branch  0 taken 99%
branch  1 taken 1% (fallthrough)
        -:   29:	{
        -:   30:		do
        -:   31:		{
     6300:   32:			seed = rand() % 10;
call    0 returned 100%
     6300:   33:		}while(seed < 2);
branch  0 taken 21%
branch  1 taken 79% (fallthrough)
     5000:   34:		gs.coins = seed;
     5000:   35:		testResult = buyCard(5, &gs);
call    0 returned 100%
     5000:   36:		if(testResult == -1)
branch  0 taken 100% (fallthrough)
branch  1 taken 0%
        -:   37:		{	
     5000:   38:			printf("Enough Coins?\n");	
call    0 returned 100%
     5000:   39:			printf("No, we don't have enough to buy, test PASSED\n");
call    0 returned 100%
     5000:   40:			passedCounter++;	
        -:   41:		}
        -:   42:		else
        -:   43:		{	
    #####:   44:			printf("Enough Coins?\n");
call    0 never executed
    #####:   45:			printf("Yes, we have enough to buy, test FAILED, \n");
call    0 never executed
    #####:   46:			failFlag++;
        -:   47:		}
     5000:   48:		passedSum = passedCounter;
     5000:   49:		counter++;
     5000:   50:		printf("Loop Count: %d\n\n",counter);
call    0 returned 100%
        -:   51:	}
        -:   52:
        5:   53:	printf("Total PASSED: %d",passedSum);		
call    0 returned 100%
        -:   54:	//PRINT message for test results
        5:   55:	if(failFlag == 0)
branch  0 taken 100% (fallthrough)
branch  1 taken 0%
        5:   56:		printf("\nTEST SUCCESSFULLY COMPLETED\n\n");
call    0 returned 100%
        -:   57:	else
    #####:   58:		printf("\nTESTING FAILED\n\n");
call    0 never executed
        -:   59:	
        5:   60:	return 0;
        -:   61:
        -:   62:}
